Change Component Designator: OldDesignator=JP1 NewDesignator=JP2
Change Component Designator: OldDesignator=JP2 NewDesignator=JP1
Added Component: Designator=*1(Arduino nano)
Added Pin To Net: NetName=GND Pin=*1-4
Added Pin To Net: NetName=RS Pin=*1-5
Added Pin To Net: NetName=EN Pin=*1-6
Added Pin To Net: NetName=D4 Pin=*1-7
Added Pin To Net: NetName=D5 Pin=*1-8
Added Pin To Net: NetName=D6 Pin=*1-9
Added Pin To Net: NetName=D7 Pin=*1-10
Added Pin To Net: NetName=SERVO Pin=*1-11
Added Pin To Net: NetName=LED_OPEN Pin=*1-12
Added Pin To Net: NetName=LED_CLOSE Pin=*1-13
Added Pin To Net: NetName=Net*_16 Pin=*1-16
Added Pin To Net: NetName=Net*_17 Pin=*1-17
Added Pin To Net: NetName=Net*_18 Pin=*1-18
Added Pin To Net: NetName=Net*_19 Pin=*1-19
Added Pin To Net: NetName=Net*_20 Pin=*1-20
Added Pin To Net: NetName=SCL Pin=*1-21
Added Pin To Net: NetName=SDA Pin=*1-22
Added Pin To Net: NetName=Net*_23 Pin=*1-23
Added Pin To Net: NetName=Net*_24 Pin=*1-24
Added Pin To Net: NetName=Net*_25 Pin=*1-25
Added Pin To Net: NetName=Net*_26 Pin=*1-26
Added Pin To Net: NetName=VCC Pin=*1-27
Added Pin To Net: NetName=Net*_28 Pin=*1-28
Added Pin To Net: NetName=GND Pin=*1-29
Added Pin To Net: NetName=VCC Pin=*1-30
Change Net Name : Old Net Name=Net*_16 New Net Name=Net*1_16
Change Net Name : Old Net Name=Net*_17 New Net Name=Net*1_17
Change Net Name : Old Net Name=Net*_18 New Net Name=Net*1_18
Change Net Name : Old Net Name=Net*_19 New Net Name=Net*1_19
Change Net Name : Old Net Name=Net*_20 New Net Name=Net*1_20
Change Net Name : Old Net Name=Net*_23 New Net Name=Net*1_23
Change Net Name : Old Net Name=Net*_24 New Net Name=Net*1_24
Change Net Name : Old Net Name=Net*_25 New Net Name=Net*1_25
Change Net Name : Old Net Name=Net*_26 New Net Name=Net*1_26
Change Net Name : Old Net Name=Net*_28 New Net Name=Net*1_28
Added Member To Class: ClassName=Sheet2 Member=Component *1 arduinoNano
Added Room: Name=Sheet2
