Removed Pin From Net: NetName=GND Pin=*1-4
Removed Pin From Net: NetName=RS Pin=*1-5
Removed Pin From Net: NetName=EN Pin=*1-6
Removed Pin From Net: NetName=D4 Pin=*1-7
Removed Pin From Net: NetName=D5 Pin=*1-8
Removed Pin From Net: NetName=D6 Pin=*1-9
Removed Pin From Net: NetName=D7 Pin=*1-10
Removed Pin From Net: NetName=SERVO Pin=*1-11
Removed Pin From Net: NetName=LED_OPEN Pin=*1-12
Removed Pin From Net: NetName=LED_CLOSE Pin=*1-13
Removed Pin From Net: NetName=Net*1_16 Pin=*1-16
Removed Pin From Net: NetName=Net*1_17 Pin=*1-17
Removed Pin From Net: NetName=Net*1_18 Pin=*1-18
Removed Pin From Net: NetName=Net*1_19 Pin=*1-19
Removed Pin From Net: NetName=Net*1_20 Pin=*1-20
Removed Pin From Net: NetName=SCL Pin=*1-21
Removed Pin From Net: NetName=SDA Pin=*1-22
Removed Pin From Net: NetName=Net*1_23 Pin=*1-23
Removed Pin From Net: NetName=Net*1_24 Pin=*1-24
Removed Pin From Net: NetName=Net*1_25 Pin=*1-25
Removed Pin From Net: NetName=Net*1_26 Pin=*1-26
Removed Pin From Net: NetName=VCC Pin=*1-27
Removed Pin From Net: NetName=Net*1_28 Pin=*1-28
Removed Pin From Net: NetName=GND Pin=*1-29
Removed Pin From Net: NetName=VCC Pin=*1-30
Removed Pin From Net: NetName=Net*1_24 Pin=JP1-1
Removed Pin From Net: NetName=Net*1_25 Pin=JP1-2
Removed Pin From Net: NetName=Net*1_26 Pin=JP1-3
Removed Pin From Net: NetName=VCC Pin=JP1-4
Removed Pin From Net: NetName=Net*1_28 Pin=JP1-5
Removed Pin From Net: NetName=GND Pin=JP1-6
Removed Pin From Net: NetName=VCC Pin=JP1-7
Removed Pin From Net: NetName=Net*1_16 Pin=JP2-1
Removed Pin From Net: NetName=Net*1_17 Pin=JP2-2
Removed Pin From Net: NetName=Net*1_18 Pin=JP2-3
Removed Pin From Net: NetName=Net*1_19 Pin=JP2-4
Removed Pin From Net: NetName=Net*1_20 Pin=JP2-5
Removed Pin From Net: NetName=SCL Pin=JP2-6
Removed Pin From Net: NetName=SDA Pin=JP2-7
Removed Pin From Net: NetName=Net*1_23 Pin=JP2-8
Removed Member From Class: ClassName=Sheet2 Member=*1
Added Component: Designator=*(Arduino nano)
Added Pin To Net: NetName=GND Pin=*-4
Added Pin To Net: NetName=RS Pin=*-5
Added Pin To Net: NetName=EN Pin=*-6
Added Pin To Net: NetName=D4 Pin=*-7
Added Pin To Net: NetName=D5 Pin=*-8
Added Pin To Net: NetName=D6 Pin=*-9
Added Pin To Net: NetName=D7 Pin=*-10
Added Pin To Net: NetName=SERVO Pin=*-11
Added Pin To Net: NetName=LED_OPEN Pin=*-12
Added Pin To Net: NetName=LED_CLOSE Pin=*-13
Added Pin To Net: NetName=Net*1_28 Pin=*-16
Added Pin To Net: NetName=Net*1_26 Pin=*-17
Added Pin To Net: NetName=Net*1_25 Pin=*-18
Added Pin To Net: NetName=Net*1_24 Pin=*-19
Added Pin To Net: NetName=Net*1_23 Pin=*-20
Added Pin To Net: NetName=SCL Pin=*-21
Added Pin To Net: NetName=SDA Pin=*-22
Added Pin To Net: NetName=Net*1_20 Pin=*-23
Added Pin To Net: NetName=Net*1_19 Pin=*-24
Added Pin To Net: NetName=Net*1_18 Pin=*-25
Added Pin To Net: NetName=Net*1_17 Pin=*-26
Added Pin To Net: NetName=VCC Pin=*-27
Added Pin To Net: NetName=Net*1_16 Pin=*-28
Added Pin To Net: NetName=GND Pin=*-29
Added Pin To Net: NetName=VCC Pin=*-30
Added Pin To Net: NetName=SDA Pin=JP1-1
Added Pin To Net: NetName=SCL Pin=JP1-2
Added Pin To Net: NetName=Net*1_23 Pin=JP1-3
Added Pin To Net: NetName=Net*1_24 Pin=JP1-4
Added Pin To Net: NetName=Net*1_25 Pin=JP1-5
Added Pin To Net: NetName=Net*1_26 Pin=JP1-6
Added Pin To Net: NetName=Net*1_28 Pin=JP1-7
Added Pin To Net: NetName=VCC Pin=JP2-1
Added Pin To Net: NetName=GND Pin=JP2-2
Added Pin To Net: NetName=Net*1_16 Pin=JP2-3
Added Pin To Net: NetName=VCC Pin=JP2-4
Added Pin To Net: NetName=Net*1_17 Pin=JP2-5
Added Pin To Net: NetName=Net*1_18 Pin=JP2-6
Added Pin To Net: NetName=Net*1_19 Pin=JP2-7
Added Pin To Net: NetName=Net*1_20 Pin=JP2-8
Change Net Name : Old Net Name=Net*1_16 New Net Name=Net*_28
Change Net Name : Old Net Name=Net*1_17 New Net Name=Net*_26
Change Net Name : Old Net Name=Net*1_18 New Net Name=Net*_25
Change Net Name : Old Net Name=Net*1_19 New Net Name=Net*_24
Change Net Name : Old Net Name=Net*1_20 New Net Name=Net*_23
Change Net Name : Old Net Name=Net*1_23 New Net Name=Net*_20
Change Net Name : Old Net Name=Net*1_24 New Net Name=Net*_19
Change Net Name : Old Net Name=Net*1_25 New Net Name=Net*_18
Change Net Name : Old Net Name=Net*1_26 New Net Name=Net*_17
Change Net Name : Old Net Name=Net*1_28 New Net Name=Net*_16
Added Member To Class: ClassName=Sheet2 Member=Component * arduinoNano
Added Room: Name=Sheet2
