Removed Pin From Net: NetName=VCC Pin=JDC1-1
Change Component Designator: OldDesignator=C1 NewDesignator=C5
Added Component: Designator=C1(CP2/4)
Added Component: Designator=C2(CP2/4)
Added Component: Designator=C3(CN1)
Added Component: Designator=C4(CN1)
Added Component: Designator=IC1(QTO-220)
Added Pin To Net: NetName=GND Pin=C1-2
Added Pin To Net: NetName=VCC Pin=C2-1
Added Pin To Net: NetName=GND Pin=C2-2
Added Pin To Net: NetName=GND Pin=C3-1
Added Pin To Net: NetName=GND Pin=C4-1
Added Pin To Net: NetName=VCC Pin=C4-2
Added Pin To Net: NetName=GND Pin=IC1-2
Added Pin To Net: NetName=VCC Pin=IC1-3
Added Pin To Net: NetName=NetC1_1 Pin=C1-1
Added Pin To Net: NetName=NetC1_1 Pin=C3-2
Added Pin To Net: NetName=NetC1_1 Pin=IC1-1
Added Pin To Net: NetName=NetC1_1 Pin=JDC1-1
Added Net: Name=NetC1_1
Added Member To Class: ClassName=Sheet2 Member=Component C2 2200uF/16V
Added Member To Class: ClassName=Sheet2 Member=Component C3 100pF
Added Member To Class: ClassName=Sheet2 Member=Component C4 100pF
Added Member To Class: ClassName=Sheet2 Member=Component C5 JP4x2
Added Member To Class: ClassName=Sheet2 Member=Component IC1 LM7805
Added Room: Name=Sheet2
