Added Component: Designator=*1(Arduino nano)
Added Component: Designator=J1(JP4x2)
Added Component: Designator=JDC1(DC-IN)
Added Component: Designator=JP1(JP7)
Added Component: Designator=JP2(JP8)
Added Component: Designator=LCD1(JP16-C1T)
Added Component: Designator=LED1(LED-5-Green)
Added Component: Designator=LED2(LED-5-Green)
Added Component: Designator=R1(R1/4W)
Added Component: Designator=R2(R1/4W)
Added Component: Designator=VR1(VR-S2)
Added Pin To Net: NetName=D4 Pin=*1-7
Added Pin To Net: NetName=D4 Pin=LCD1-11
Added Net: Name=D4
Added Pin To Net: NetName=D5 Pin=*1-8
Added Pin To Net: NetName=D5 Pin=LCD1-12
Added Net: Name=D5
Added Pin To Net: NetName=D6 Pin=*1-9
Added Pin To Net: NetName=D6 Pin=LCD1-13
Added Net: Name=D6
Added Pin To Net: NetName=D7 Pin=*1-10
Added Pin To Net: NetName=D7 Pin=LCD1-14
Added Net: Name=D7
Added Pin To Net: NetName=EN Pin=*1-6
Added Pin To Net: NetName=EN Pin=LCD1-6
Added Net: Name=EN
Added Pin To Net: NetName=GND Pin=*1-4
Added Pin To Net: NetName=GND Pin=*1-29
Added Pin To Net: NetName=GND Pin=J1-4
Added Pin To Net: NetName=GND Pin=J1-8
Added Pin To Net: NetName=GND Pin=JDC1-2
Added Pin To Net: NetName=GND Pin=JDC1-3
Added Pin To Net: NetName=GND Pin=JP1-6
Added Pin To Net: NetName=GND Pin=LCD1-1
Added Pin To Net: NetName=GND Pin=LCD1-5
Added Pin To Net: NetName=GND Pin=LCD1-16
Added Pin To Net: NetName=GND Pin=VR1-3
Added Net: Name=GND
Added Pin To Net: NetName=LED_CLOSE Pin=*1-13
Added Pin To Net: NetName=LED_CLOSE Pin=LED2-2
Added Net: Name=LED_CLOSE
Added Pin To Net: NetName=LED_OPEN Pin=*1-12
Added Pin To Net: NetName=LED_OPEN Pin=LED1-2
Added Net: Name=LED_OPEN
Added Pin To Net: NetName=Net*1_16 Pin=*1-16
Added Pin To Net: NetName=Net*1_16 Pin=JP2-1
Added Net: Name=Net*1_16
Added Pin To Net: NetName=Net*1_17 Pin=*1-17
Added Pin To Net: NetName=Net*1_17 Pin=JP2-2
Added Net: Name=Net*1_17
Added Pin To Net: NetName=Net*1_18 Pin=*1-18
Added Pin To Net: NetName=Net*1_18 Pin=JP2-3
Added Net: Name=Net*1_18
Added Pin To Net: NetName=Net*1_19 Pin=*1-19
Added Pin To Net: NetName=Net*1_19 Pin=JP2-4
Added Net: Name=Net*1_19
Added Pin To Net: NetName=Net*1_20 Pin=*1-20
Added Pin To Net: NetName=Net*1_20 Pin=JP2-5
Added Net: Name=Net*1_20
Added Pin To Net: NetName=Net*1_24 Pin=*1-24
Added Pin To Net: NetName=Net*1_24 Pin=JP2-8
Added Net: Name=Net*1_24
Added Pin To Net: NetName=Net*1_25 Pin=*1-25
Added Pin To Net: NetName=Net*1_25 Pin=JP1-1
Added Net: Name=Net*1_25
Added Pin To Net: NetName=Net*1_26 Pin=*1-26
Added Pin To Net: NetName=Net*1_26 Pin=JP1-2
Added Net: Name=Net*1_26
Added Pin To Net: NetName=Net*1_27 Pin=*1-27
Added Pin To Net: NetName=Net*1_27 Pin=JP1-3
Added Net: Name=Net*1_27
Added Pin To Net: NetName=Net*1_28 Pin=*1-28
Added Pin To Net: NetName=Net*1_28 Pin=JP1-5
Added Net: Name=Net*1_28
Added Pin To Net: NetName=NetLCD1_3 Pin=LCD1-3
Added Pin To Net: NetName=NetLCD1_3 Pin=VR1-2
Added Net: Name=NetLCD1_3
Added Pin To Net: NetName=NetLED1_1 Pin=LED1-1
Added Pin To Net: NetName=NetLED1_1 Pin=R1-1
Added Net: Name=NetLED1_1
Added Pin To Net: NetName=NetLED2_1 Pin=LED2-1
Added Pin To Net: NetName=NetLED2_1 Pin=R2-1
Added Net: Name=NetLED2_1
Added Pin To Net: NetName=RS Pin=*1-5
Added Pin To Net: NetName=RS Pin=LCD1-4
Added Net: Name=RS
Added Pin To Net: NetName=SCL Pin=*1-21
Added Pin To Net: NetName=SCL Pin=J1-7
Added Pin To Net: NetName=SCL Pin=JP2-6
Added Net: Name=SCL
Added Pin To Net: NetName=SDA Pin=*1-22
Added Pin To Net: NetName=SDA Pin=J1-6
Added Pin To Net: NetName=SDA Pin=JP2-7
Added Net: Name=SDA
Added Pin To Net: NetName=SERVO Pin=*1-11
Added Pin To Net: NetName=SERVO Pin=J1-3
Added Net: Name=SERVO
Added Pin To Net: NetName=VCC Pin=*1-28
Added Pin To Net: NetName=VCC Pin=*1-30
Added Pin To Net: NetName=VCC Pin=J1-1
Added Pin To Net: NetName=VCC Pin=J1-5
Added Pin To Net: NetName=VCC Pin=JDC1-1
Added Pin To Net: NetName=VCC Pin=JP1-4
Added Pin To Net: NetName=VCC Pin=JP1-7
Added Pin To Net: NetName=VCC Pin=LCD1-2
Added Pin To Net: NetName=VCC Pin=LCD1-15
Added Pin To Net: NetName=VCC Pin=R1-2
Added Pin To Net: NetName=VCC Pin=R2-2
Added Pin To Net: NetName=VCC Pin=VR1-1
Added Net: Name=VCC
Added Class: Name=Sheet2
Added Room: Name=Sheet2
